[2023-02-15 09:43:44] [INFO] Starting up...
[2023-02-15 09:43:44] [INFO] Loading cogs...
[2023-02-15 09:43:44] [INFO] Loaded cogs.About_People
[2023-02-15 09:43:44] [INFO] Loaded cogs.admin
[2023-02-15 09:43:44] [INFO] Loaded cogs.AutoResponses
[2023-02-15 09:43:44] [INFO] Loaded cogs.economy
[2023-02-15 09:43:44] [INFO] Loaded cogs.fun
[2023-02-15 09:43:44] [INFO] Loaded cogs.owner
[2023-02-15 09:43:44] [INFO] Loaded cogs.spot
[2023-02-15 09:43:44] [INFO] Loaded cogs.marriage
[2023-02-15 09:43:44] [INFO] Loaded all cogs
[2023-02-15 09:43:47] [INFO] Logged in as Shpike#2203
[2023-02-15 09:43:47] [INFO] ID: 944252688986693752
[2023-02-15 09:43:47] [INFO] Prefix: ['--', '']
[2023-02-15 09:43:47] [INFO] Loaded cogs: 8
[2023-02-15 09:43:47] [INFO] Loaded commands: 60
[2023-02-15 09:43:47] [INFO] Ready!
[2023-02-15 09:43:47] [INFO]                                                          
[2023-02-15 09:43:47] [INFO] Marriage database connected
[2023-02-15 09:43:47] [INFO] Bank database connected
[2023-02-15 09:46:29] [INFO] manny#6424 deleted a message in go comments II.
Message: https://tenor.com/view/rick-shane-turning-the-walking-dead-rick-and-shane-gif-27330910
[2023-02-15 10:02:49] [INFO] Jankyy#0267 deleted a message in go comments II.
Message: ill eat your butt like ruby tuesday
[2023-02-15 10:02:53] [INFO] Jankyy#0267 deleted a message in go comments II.
Message: angelo
[2023-02-15 10:36:58] [INFO] Sheen#0021 deleted a message in go comments II.
Message: lil buddy was six
[2023-02-15 10:37:02] [INFO] Sheen#0021 deleted a message in go comments II.
Message: I took off his pants
[2023-02-15 10:37:07] [INFO] benny bean#3581 deleted a message in go comments II.
Message: with who
[2023-02-15 10:47:13] [INFO] Yoloman2.0#5738 deleted a message in go comments II.
Message: I like feet
[2023-02-15 10:47:16] [INFO] Yoloman2.0#5738 deleted a message in go comments II.
Message: And men
[2023-02-15 10:51:14] [INFO] Aresien#4329 edited a message in go comments II.
Before: Colombians are gay? Belizeans are the better Hispanics
After: Colombians are gay Belizeans are the better Hispanics
[2023-02-15 10:51:21] [INFO] Aresien#4329 edited a message in go comments II.
Before: Colombians are gay Belizeans are the better Hispanics
After: Colombians are gay,  Belizeans are the better Hispanics
[2023-02-15 10:52:01] [INFO] Aresien#4329 edited a message in go comments II.
Before: We got garnaches, panades Selina
After: We got garnaches, panades, dekuna
[2023-02-15 11:16:51] [INFO] SkyboundYT#4468 edited a message in go comments II.
Before: Thank Hof
After: Thank god
[2023-02-15 12:09:24] [INFO] Aresien#4329 edited a message in go comments II.
Before: Andrew Tate is more hated than James Charles at this point, and stand by that statement
After: Andrew Tate is more hated than James Charles at this point, and I stand by that statement
[2023-02-15 15:52:35] [INFO] SkyboundYT#4468 edited a message in go comments II.
Before: But you say it like youre quite
After: But you say it like youre white
[2023-02-15 15:56:05] [INFO] Derrick#0223 edited a message in go comments II.
Before: Im soft
After: There soft
[2023-02-15 16:01:32] [INFO] Derrick#0223 edited a message in go comments II.
Before: Again wtf is boba
After: Again wtf is booba
[2023-02-15 16:03:21] [INFO] Derrick#0223 deleted a message in go comments II.
Message: Same
[2023-02-15 16:25:46] [INFO] SkyboundYT#4468 edited a message in go comments II.
Before: She has fr
After: She bad fr
[2023-02-15 16:37:24] [INFO] Aresien#4329 edited a message in go comments II.
Before: Hes 12 you fucking pedophile
After: Hes 12 you fucking pedophile
[2023-02-15 17:45:49] [INFO] Aresien#4329 edited a message in go comments II.
Before: Ok, but I didnt say I wanna fuck anythony
After: Ok, but at least I didnt say I wanna fuck anything
[2023-02-15 17:45:59] [INFO] Aresien#4329 edited a message in go comments II.
Before: Ok, but at least I didnt say I wanna fuck anything
After: Ok, but at least I didnt say I wanna fuck anythony
[2023-02-15 17:46:10] [INFO] Aresien#4329 edited a message in go comments II.
Before: Ok, but at least I didnt say I wanna fuck anythony
After: Ok, but at least I didnt say I wanna fuck Anthony
[2023-02-15 18:00:38] [INFO] Aresien#4329 deleted a message in go comments II.
Message: More than once
[2023-02-15 18:04:17] [INFO] Aresien#4329 edited a message in go comments II.
Before: Now if I said every Hispanic guy looks like El Chapo I would be in the wrong
After: Now if I said every Hispanic guy looks like El Chapo I would be in the wrong
[2023-02-15 18:37:27] [INFO] manny#6424 edited a message in go comments II.
Before: hELLO
After: Hello
[2023-02-15 18:48:02] [INFO] Aiire#3238 deleted a message in go comments II.
Message: gah damn
[2023-02-15 18:48:05] [INFO] Aiire#3238 deleted a message in go comments II.
Message: s
[2023-02-15 18:50:35] [INFO] SkyboundYT#4468 deleted a message in go comments II.
Message: Me when feet
[2023-02-15 20:18:33] [INFO] JamesVented#2286 deleted a message in go comments II.
Message: <G
[2023-02-15 20:32:09] [INFO] Aiire#3238 edited a message in go comments II.
Before: image getting crossed by jesus
After: imagine getting crossed by jesus
[2023-02-15 22:54:41] [INFO] Aresien#4329 deleted a message in go comments II.
Message: <@1026575094451019837>Send feet pics or else<:hmm:1030098335534690414>
