[2023-02-15 09:29:54] [INFO] Starting up...
[2023-02-15 09:29:54] [INFO] Loading cogs...
[2023-02-15 09:29:54] [INFO] Loaded cogs.About_People
[2023-02-15 09:29:54] [INFO] Loaded cogs.admin
[2023-02-15 09:29:54] [INFO] Loaded cogs.AutoResponses
[2023-02-15 09:29:54] [INFO] Loaded cogs.economy
[2023-02-15 09:29:54] [INFO] Loaded cogs.fun
[2023-02-15 09:29:54] [INFO] Loaded cogs.owner
[2023-02-15 09:29:55] [INFO] Loaded cogs.spot
[2023-02-15 09:29:55] [INFO] Loaded cogs.marriage
[2023-02-15 09:29:55] [INFO] Loaded all cogs
[2023-02-15 09:29:58] [INFO] Logged in as Shpike#2203
[2023-02-15 09:29:58] [INFO] ID: 944252688986693752
[2023-02-15 09:29:58] [INFO] Prefix: ['--', '']
[2023-02-15 09:29:58] [INFO] Loaded cogs: 8
[2023-02-15 09:29:58] [INFO] Loaded commands: 60
[2023-02-15 09:29:58] [INFO] Ready!
[2023-02-15 09:29:58] [INFO]                                                          
[2023-02-15 09:29:58] [INFO] Bank database connected
[2023-02-15 09:29:58] [INFO] Marriage database connected
[2023-02-15 09:30:42] [ERROR] Converting to "int" failed for parameter "number2".
[2023-02-15 09:30:50] [ERROR] Command raised an exception: AttributeError: 'Connection' object has no attribute 'db'
