[2023-02-10 14:57:02] [INFO] Starting up...
[2023-02-10 14:57:02] [INFO] Loading cogs...
[2023-02-10 14:57:02] [INFO] Loaded cogs.About_People
[2023-02-10 14:57:02] [INFO] Loaded cogs.admin
[2023-02-10 14:57:02] [INFO] Loaded cogs.AutoResponses
[2023-02-10 14:57:02] [INFO] Loaded cogs.economy
[2023-02-10 14:57:02] [INFO] Loaded cogs.fun
[2023-02-10 14:57:02] [INFO] Loaded cogs.owner
[2023-02-10 14:57:02] [INFO] Loaded cogs.spot
[2023-02-10 14:57:02] [INFO] Loaded cogs.marriage
[2023-02-10 14:57:02] [INFO] Loaded all cogs
[2023-02-10 14:57:05] [INFO] Logged in as Shpike#2203
[2023-02-10 14:57:05] [INFO] ID: 944252688986693752
[2023-02-10 14:57:05] [INFO] Prefix: ['--', '']
[2023-02-10 14:57:05] [INFO] Loaded cogs: 8
[2023-02-10 14:57:05] [INFO] Loaded commands: 60
[2023-02-10 14:57:05] [INFO] Ready!
[2023-02-10 14:57:05] [INFO]                                                          
[2023-02-10 14:57:05] [INFO] Marriage database connected
[2023-02-10 14:57:05] [INFO] Bank database connected
[2023-02-10 15:00:17] [ERROR] Command raised an exception: AttributeError: 'int' object has no attribute 'id'
[2023-02-10 15:53:18] [INFO] Flam#8545 deleted a message in go comments II.
Message: you rn
[2023-02-10 16:07:42] [ERROR] Command raised an exception: AttributeError: 'NoneType' object has no attribute 'mention'
[2023-02-10 16:08:25] [ERROR] Command raised an exception: AttributeError: 'int' object has no attribute 'id'
[2023-02-10 16:34:39] [INFO] Derrick#0223 deleted a message in go comments II.
Message: Babe, dont be so aggressive 
[2023-02-10 16:44:20] [INFO] benny bean#3581 deleted a message in balls in ur  Jaw.
Message: https://tenor.com/view/dead-zombie-me-waitng-for-a-love-life-gif-9573978
[2023-02-10 16:44:26] [INFO] benny bean#3581 deleted a message in balls in ur  Jaw.
Message: https://tenor.com/view/meme-gif-24417939
[2023-02-10 16:50:23] [INFO] Antony181#9662 edited a message in balls in ur  Jaw.
Before: He tried asking me to check it out and I did and it was 10 different ways to do a radical equation and only 2 of them were coreect
After: He tried asking me to check it out and I did and it was 10 different ways to do a radical equation and only 2 of them were correct
[2023-02-10 17:03:41] [INFO] Antony181#9662 edited a message in balls in ur  Jaw.
Before: She failed them and it took like 2 weeks to figure out that Pranay was truly looking for his airpodw
After: She failed them and it took like 2 weeks to figure out that Pranay was truly looking for his airpods
[2023-02-10 18:00:46] [INFO] Derrick#0223 deleted a message in go comments II.
Message: Been waiting for Sean to come out for months and I feel like ima wait years for that
[2023-02-10 18:08:22] [INFO] Derrick#0223 deleted a message in go comments II.
Message: 9088487452
[2023-02-10 18:08:56] [INFO] Derrick#0223 deleted a message in go comments II.
Message: Guessing its how he convinced a straight man to go on a date with him on some James Charles shit
[2023-02-10 18:52:23] [INFO] Aiire#3238 deleted a message in go comments II.
Message: you people!
[2023-02-10 19:04:46] [INFO] Nate.#5204 edited a message in go comments II.
Before: IF THIS LITTLE SHIR DONT STFU
After: IF THIS LITTLE SHIT DONT STFU
[2023-02-10 19:10:41] [INFO] Jankyy#0267 deleted a message in go comments II.
Message: i bet you cant see taylor at this time
[2023-02-10 19:10:46] [INFO] Jankyy#0267 deleted a message in go comments II.
Message: l
[2023-02-10 19:24:10] [INFO] Aiire#3238 deleted a message in go comments II.
Message: https://qph.cf2.quoracdn.net/main-qimg-9d8a049aee4266f9ad3f79c7461fa73f
[2023-02-10 19:24:22] [INFO] Aiire#3238 deleted a message in go comments II.
Message: https://www.google.com/url?sa=i&url=https%3A%2F%2Fwww.quora.com%2FWhat-is-someone-who-has-watched-the-Dragon-Ball-Super-series-but-not-Dragon-Ball-Z-missing-out&psig=AOvVaw1iephQiHlfEvDrLcc_F5bx&ust=1676161415682000&source=images&cd=vfe&ved=0CA4QjRxqFwoTCICqw4CajP0CFQAAAAAdAAAAABAT
[2023-02-10 19:49:31] [INFO] Derrick#0223 deleted a message in go comments II.
Message: hotter ass than <@1041790725270024333>'s
[2023-02-10 20:18:11] [INFO] smalltitties#1451 edited a message in go comments II.
Before: I had a dress reading
After: I had a dress ready
[2023-02-10 20:34:39] [INFO] Derrick#0223 deleted a message in go comments II.
Message: she dont like him like that broo
[2023-02-10 20:34:40] [INFO] Derrick#0223 deleted a message in go comments II.
Message: plus they got a third wheel
[2023-02-10 20:34:52] [INFO] Derrick#0223 deleted a message in go comments II.
Message: and the third wheel also likes her
[2023-02-10 21:09:47] [INFO] Derrick#0223 edited a message in go comments II.
Before: e a vibe ong
After: he a vibe ong
[2023-02-10 21:14:12] [INFO] Yoloman2.0#5738 edited a message in go comments II.
Before: <@709160993170915410> Taylor u used to break dance right
After: <@709160993170915410> u used to break dance right
[2023-02-10 21:22:12] [INFO] Yoloman2.0#5738 deleted a message in go comments II.
Message: The black NI-
[2023-02-10 21:55:27] [INFO] Aresien#4329 edited a message in go comments II.
Before: <@489879404403490816>  Anime Showdown
After: <@489879404403490816>  Anime Showdown?
[2023-02-10 22:12:45] [INFO] Derrick#0223 deleted a message in go comments II.
Message: Bro I joined that gc and NyAsiah was loud asf 
[2023-02-10 22:47:00] [INFO] Derrick#0223 deleted a message in go comments II.
Message: 
[2023-02-11 06:14:02] [INFO] Nyx#6000 edited a message in go comments II.
Before: oh shit
After: oh shit so is our part if recovered not cut n sht? or is it done you just needa recover it
[2023-02-11 10:22:01] [INFO] Jankyy#0267 deleted a message in go comments II.
Message: 
[2023-02-11 14:29:49] [INFO] Yoloman2.0#5738 deleted a message in go comments II.
Message: Huh
[2023-02-11 15:10:55] [INFO] Derrick#0223 edited a message in go comments II.
Before: its 46 vesper
After: its 46
[2023-02-11 15:10:59] [INFO] Derrick#0223 edited a message in go comments II.
Before: its 46
After: its 46 here
[2023-02-11 18:17:06] [INFO] Derrick#0223 deleted a message in go comments II.
Message: and you clapped me 0 times but we can change that 
[2023-02-11 18:17:11] [INFO] Derrick#0223 deleted a message in go comments II.
Message: top of the mornin
[2023-02-11 18:53:13] [INFO] Nate.#5204 deleted a message in go comments II.
Message: <:Moyai:749646931457867867>
[2023-02-11 19:07:01] [INFO] itsysa.#8356 deleted a message in go comments II.
Message: 
[2023-02-11 19:31:31] [INFO] smalltitties#1451 edited a message in go comments II.
Before: reap
After: real
[2023-02-11 19:43:39] [INFO] Nate.#5204 deleted a message in go comments II.
Message: https://discord.gift/5VGt4uKb6yxxYkK2
[2023-02-11 19:47:04] [INFO] Nate.#5204 deleted a message in go comments II.
Message: https://media.discordapp.net/attachments/763507582195204106/803925249687027742/image0.gif
[2023-02-11 19:51:08] [INFO] itsysa.#8356 edited a message in go comments II.
Before: You know have filled my curiosity
After: You now have filled my curiosity
[2023-02-11 19:57:06] [INFO] Nate.#5204 deleted a message in go comments II.
Message: wait
[2023-02-11 19:57:07] [INFO] Nate.#5204 deleted a message in go comments II.
Message: <:b_why_you_cum_so_fast:844203470608662559>
[2023-02-11 19:57:09] [INFO] Nate.#5204 deleted a message in go comments II.
Message: MHM
[2023-02-11 20:01:54] [INFO] Derrick#0223 deleted a message in go comments II.
Message: gios dick works better than yours
[2023-02-11 20:02:16] [INFO] Flam#8545 deleted a message in go comments II.
Message: "Ysa owes gio takis for making him read that" - gio 2034
[2023-02-11 20:02:59] [INFO] itsysa.#8356 deleted a message in go comments II.
Message: Ill buy you takis tomorrow
[2023-02-11 20:04:11] [INFO] Flam#8545 deleted a message in go comments II.
Message: And isn't sharing with me
[2023-02-11 20:04:16] [INFO] Nate.#5204 deleted a message in go comments II.
Message: wdym
[2023-02-11 20:09:05] [INFO] Flam#8545 edited a message in go comments II.
Before: Black Mr beadt
After: Black Mr beast
[2023-02-11 20:14:28] [INFO] Nate.#5204 edited a message in go comments II.
Before: MONEY
After: MONKEY
[2023-02-11 20:15:03] [INFO] JamesVented#2286 edited a message in go comments II.
Before: Have u watch your lie on April?
After: Have u watch "your lie on April"?
[2023-02-11 20:16:00] [INFO] Flam#8545 deleted a message in go comments II.
Message: He don't fw black people
[2023-02-11 20:23:18] [INFO] SkyboundYT#4468 deleted a message in go comments II.
Message: Just like me fr fr
[2023-02-11 20:31:19] [INFO] Derrick#0223 edited a message in go comments II.
Before: stio
After: stop
[2023-02-11 20:37:32] [INFO] crs#9135 deleted a message in go comments II.
Message: NO CAPP
[2023-02-11 20:37:59] [INFO] crs#9135 deleted a message in go comments II.
Message: discork
[2023-02-11 21:07:35] [INFO] JamesVented#2286 edited a message in go comments II.
Before: Can i have the homie hangout? im not allow to see all thr club chat : (
After: Can i have the homie hangout? im not allow to see all the club chat : (
[2023-02-11 21:26:58] [INFO] SkyboundYT#4468 deleted a message in go comments II.
Message: CHRIS OUTED THWM
[2023-02-11 21:28:42] [INFO] Derrick#0223 edited a message in go comments II.
Before: FUCKING DICK HEA
After: FUCKING DICK HEAD
[2023-02-11 21:30:33] [INFO] Cycide#5426 edited a message in go comments II.
Before: HOPE OFF MY DICK YOU NUMBA 5 BLACKASS CODE NAME KIDS NEXT DOOR LOOKING FUCK
After: HOP OFF MY DICK YOU NUMBA 5 BLACKASS CODE NAME KIDS NEXT DOOR LOOKING FUCK
[2023-02-11 21:31:19] [INFO] Cycide#5426 edited a message in go comments II.
Before: HOP OFF MY DICK YOU NUMBA 5 BLACKASS CODE NAME KIDS NEXT DOOR LOOKING FUCK
After: HOP OFF MY DICK YOU NUMBA 2 BLACKASS CODE NAME KIDS NEXT DOOR LOOKING FUCK
[2023-02-11 21:33:00] [INFO] Cycide#5426 edited a message in go comments II.
Before: wedont care
After: we dont care
[2023-02-11 22:37:56] [INFO] Aresien#4329 edited a message in go comments II.
Before: <@1029438107474477118>  Explain those moans being done to Derricks body Sit<:hmm:1030098335534690414>
After: <@1029438107474477118>  Explain those moans being done to Derricks body Sir<:hmm:1030098335534690414>
[2023-02-11 22:38:01] [INFO] Aresien#4329 deleted a message in go comments II.
Message: Sir
[2023-02-12 00:38:12] [INFO] Karen Chan#8045 edited a message in go comments II.
Before: I hope the both of you find your grandparents find out about the cockroach orgy your grandparents participated in under the brooklin bridge a
After: I hope the both of you find your grandparents find out about the cockroach orgy they participated in under the brooklin bridge a
[2023-02-12 00:38:16] [INFO] Karen Chan#8045 edited a message in go comments II.
Before: I hope the both of you find your grandparents find out about the cockroach orgy they participated in under the brooklin bridge a
After: I hope the both of you find your grandparents find out about the cockroach orgy they participated in under the brooklin bridge
[2023-02-12 00:38:45] [INFO] Karen Chan#8045 deleted a message in go comments II.
Message: I hope the both of you find your grandparents find out about the cockroach orgy they participated in under the brooklin bridge
[2023-02-12 03:33:20] [INFO] SkyboundYT#4468 deleted a message in go comments II.
Message: https://tenor.com/view/bathroom-creepy-makeup-gif-22617743
[2023-02-12 03:33:58] [INFO] itsysa.#8356 deleted a message in go comments II.
Message: https://tenor.com/view/jump-scare-scary-gif-19226835
[2023-02-12 03:34:01] [INFO] itsysa.#8356 deleted a message in go comments II.
Message: https://tenor.com/view/scary-gif-25815118
[2023-02-12 03:51:00] [INFO] SkyboundYT#4468 deleted a message in go comments II.
Message: nah jvc
[2023-02-12 08:31:18] [INFO] Antony181#9662 deleted a message in balls in ur  Jaw.
Message: Smh bros probably having bark stew
[2023-02-12 08:31:25] [INFO] Antony181#9662 deleted a message in balls in ur  Jaw.
Message: As
[2023-02-12 10:13:37] [INFO] Aiire#3238 deleted a message in go comments II.
Message: couldnt stop at cucumbers huh
[2023-02-12 11:40:52] [INFO] Flam#8545 deleted a message in go comments II.
Message: You mean takis?
[2023-02-12 11:58:20] [INFO] smalltitties#1451 deleted a message in go comments II.
Message: I want them
[2023-02-12 12:03:33] [INFO] Flam#8545 deleted a message in go comments II.
Message: on the word "takis"
