[2023-02-10 14:54:25] [INFO] Starting up...
[2023-02-10 14:54:25] [INFO] Loading cogs...
[2023-02-10 14:54:25] [INFO] Loaded cogs.About_People
[2023-02-10 14:54:25] [INFO] Loaded cogs.admin
[2023-02-10 14:54:25] [INFO] Loaded cogs.AutoResponses
[2023-02-10 14:54:25] [INFO] Loaded cogs.economy
[2023-02-10 14:54:25] [INFO] Loaded cogs.fun
[2023-02-10 14:54:25] [INFO] Loaded cogs.owner
[2023-02-10 14:54:25] [INFO] Loaded cogs.spot
[2023-02-10 14:54:25] [INFO] Loaded cogs.marriage
[2023-02-10 14:54:25] [INFO] Loaded all cogs
[2023-02-10 14:54:28] [INFO] Logged in as Shpike#2203
[2023-02-10 14:54:28] [INFO] ID: 944252688986693752
[2023-02-10 14:54:28] [INFO] Prefix: ['--', '']
[2023-02-10 14:54:28] [INFO] Loaded cogs: 8
[2023-02-10 14:54:28] [INFO] Loaded commands: 60
[2023-02-10 14:54:28] [INFO] Ready!
[2023-02-10 14:54:28] [INFO]                                                          
[2023-02-10 14:54:28] [INFO] Marriage database connected
[2023-02-10 14:54:28] [INFO] Bank database connected
