[2023-02-16 06:54:54] [INFO] Starting up...
[2023-02-16 06:54:54] [INFO] Loading cogs...
[2023-02-16 06:54:55] [INFO] Loaded cogs.About_People
[2023-02-16 06:54:55] [INFO] Loaded cogs.admin
[2023-02-16 06:54:55] [INFO] Loaded cogs.AutoResponses
[2023-02-16 06:54:55] [INFO] Loaded cogs.economy
[2023-02-16 06:54:55] [INFO] Loaded cogs.fun
[2023-02-16 06:54:55] [INFO] Loaded cogs.owner
[2023-02-16 06:54:55] [INFO] Loaded cogs.spot
[2023-02-16 06:54:55] [INFO] Loaded cogs.marriage
[2023-02-16 06:54:55] [INFO] Loaded all cogs
[2023-02-16 06:54:58] [INFO] Logged in as Shpike#2203
[2023-02-16 06:54:58] [INFO] ID: 944252688986693752
[2023-02-16 06:54:58] [INFO] Prefix: ['--', '']
[2023-02-16 06:54:58] [INFO] Loaded cogs: 8
[2023-02-16 06:54:58] [INFO] Loaded commands: 60
[2023-02-16 06:54:58] [INFO] Ready!
[2023-02-16 06:54:58] [INFO]                                                          
[2023-02-16 06:54:58] [INFO] Bank database connected
[2023-02-16 06:54:58] [INFO] Marriage database connected
[2023-02-16 07:04:16] [INFO] xerxes#5800 edited a message in go comments II.
Before: Outright
After: tHats right
